[23Apr2025 00:00:00.006] [ftbbackups2_Worker-1/INFO] [net.creeperhost.ftbbackups.FTBBackups/]: Attempting to create an automatic backup
[23Apr2025 00:00:00.008] [ftbbackups2_Worker-1/INFO] [net.creeperhost.ftbbackups.FTBBackups/]: Found world folder at /workspaces/curlyGame/servidor_minecraft/./world/.
[23Apr2025 00:00:00.074] [ftbbackups2_Worker-1/ERROR] [net.creeperhost.ftbbackups.FTBBackups/]: Current world size: 80.8MB Current Available space: 18.8GB
[23Apr2025 00:00:00.075] [ftbbackups2_Worker-1/INFO] [net.creeperhost.ftbbackups.FTBBackups/]: Setting world minecraft:overworld save state to true
[23Apr2025 00:00:00.075] [ftbbackups2_Worker-1/INFO] [net.creeperhost.ftbbackups.FTBBackups/]: Setting world the_vault:the_other_side save state to true
[23Apr2025 00:00:00.075] [ftbbackups2_Worker-1/INFO] [net.creeperhost.ftbbackups.FTBBackups/]: Setting world minecraft:the_nether save state to true
[23Apr2025 00:00:00.075] [ftbbackups2_Worker-1/INFO] [net.creeperhost.ftbbackups.FTBBackups/]: Setting world minecraft:the_end save state to true
[23Apr2025 00:00:00.075] [ftbbackups2_Worker-1/INFO] [net.creeperhost.ftbbackups.FTBBackups/]: Setting world the_vault:vault save state to true
[23Apr2025 00:00:00.075] [ftbbackups2_Worker-1/INFO] [net.creeperhost.ftbbackups.FTBBackups/]: Setting world the_vault:arena save state to true
[23Apr2025 00:00:00.075] [ftbbackups2_Worker-1/INFO] [net.creeperhost.ftbbackups.FTBBackups/]: Setting world ae2:spatial_storage save state to true
[23Apr2025 00:00:00.075] [ftbbackups2_Worker-1/INFO] [net.creeperhost.ftbbackups.FTBBackups/]: Setting world the_vault:vault_4209b09f-4ce6-422e-a93a-6d5c9a78d57b save state to true
[23Apr2025 00:00:00.077] [ftbbackups2_Worker-1/INFO] [net.creeperhost.ftbbackups.FTBBackups/]: Writing to file /workspaces/curlyGame/servidor_minecraft/backups/backups.json
[23Apr2025 00:00:00.078] [FTB Backups backup thread 0/INFO] [net.creeperhost.ftbbackups.FTBBackups/]: Waiting for world save to complete.
[23Apr2025 00:00:00.508] [Server thread/INFO] [net.minecraft.server.MinecraftServer/]: ThreadedAnvilChunkStorage (world): All chunks are saved
[23Apr2025 00:00:00.508] [Server thread/INFO] [net.minecraft.server.MinecraftServer/]: ThreadedAnvilChunkStorage (the_other_side): All chunks are saved
[23Apr2025 00:00:00.508] [Server thread/INFO] [net.minecraft.server.MinecraftServer/]: ThreadedAnvilChunkStorage (DIM-1): All chunks are saved
[23Apr2025 00:00:00.508] [Server thread/INFO] [net.minecraft.server.MinecraftServer/]: ThreadedAnvilChunkStorage (DIM1): All chunks are saved
[23Apr2025 00:00:00.509] [Server thread/INFO] [net.minecraft.server.MinecraftServer/]: ThreadedAnvilChunkStorage (vault): All chunks are saved
[23Apr2025 00:00:00.509] [Server thread/INFO] [net.minecraft.server.MinecraftServer/]: ThreadedAnvilChunkStorage (arena): All chunks are saved
[23Apr2025 00:00:00.509] [Server thread/INFO] [net.minecraft.server.MinecraftServer/]: ThreadedAnvilChunkStorage (spatial_storage): All chunks are saved
[23Apr2025 00:00:00.509] [Server thread/INFO] [net.minecraft.server.MinecraftServer/]: ThreadedAnvilChunkStorage (vault_4209b09f-4ce6-422e-a93a-6d5c9a78d57b): All chunks are saved
[23Apr2025 00:00:00.509] [Server thread/INFO] [net.minecraft.server.MinecraftServer/]: ThreadedAnvilChunkStorage: All dimensions are saved
[23Apr2025 00:00:00.754] [FTB Backups backup thread 0/INFO] [net.creeperhost.ftbbackups.de.piegames.blockmap.renderer.RegionRenderer/]: Rendering region file -3 1
[23Apr2025 00:00:04.666] [FTB Backups backup thread 0/INFO] [net.creeperhost.ftbbackups.FTBBackups/]: Setting world minecraft:overworld save state to false
[23Apr2025 00:00:04.667] [FTB Backups backup thread 0/INFO] [net.creeperhost.ftbbackups.FTBBackups/]: Setting world the_vault:the_other_side save state to false
[23Apr2025 00:00:04.667] [FTB Backups backup thread 0/INFO] [net.creeperhost.ftbbackups.FTBBackups/]: Setting world minecraft:the_nether save state to false
[23Apr2025 00:00:04.667] [FTB Backups backup thread 0/INFO] [net.creeperhost.ftbbackups.FTBBackups/]: Setting world minecraft:the_end save state to false
[23Apr2025 00:00:04.667] [FTB Backups backup thread 0/INFO] [net.creeperhost.ftbbackups.FTBBackups/]: Setting world the_vault:vault save state to false
[23Apr2025 00:00:04.667] [FTB Backups backup thread 0/INFO] [net.creeperhost.ftbbackups.FTBBackups/]: Setting world the_vault:arena save state to false
[23Apr2025 00:00:04.667] [FTB Backups backup thread 0/INFO] [net.creeperhost.ftbbackups.FTBBackups/]: Setting world ae2:spatial_storage save state to false
[23Apr2025 00:00:04.667] [FTB Backups backup thread 0/INFO] [net.creeperhost.ftbbackups.FTBBackups/]: Setting world the_vault:vault_4209b09f-4ce6-422e-a93a-6d5c9a78d57b save state to false
[23Apr2025 00:00:04.746] [FTB Backups backup thread 0/INFO] [net.creeperhost.ftbbackups.FTBBackups/]: Backup size 58.9MB World Size 80.8MB
[23Apr2025 00:00:04.747] [FTB Backups backup thread 0/INFO] [net.creeperhost.ftbbackups.FTBBackups/]: Writing to file /workspaces/curlyGame/servidor_minecraft/backups/backups.json
[23Apr2025 00:00:04.747] [FTB Backups backup thread 0/INFO] [net.creeperhost.ftbbackups.FTBBackups/]: New backup created at /workspaces/curlyGame/servidor_minecraft/backups/2025-4-23_0-0-0.zip size: 58.9MB Took: 0m, 4s, 591ms Sha1: a89300b9f491420befec68cd523a3ea26f103c75
[23Apr2025 00:04:01.918] [Server thread/INFO] [net.minecraft.server.dedicated.DedicatedServer/]: Natanael__Cano has made the advancement [Monster Hunter]
[23Apr2025 00:11:10.564] [Server thread/INFO] [iskallia.vault.VaultMod/]: false
[23Apr2025 00:11:10.565] [Server thread/INFO] [iskallia.vault.VaultMod/]: true
[23Apr2025 00:11:10.565] [Server thread/INFO] [iskallia.vault.VaultMod/]: false
[23Apr2025 00:11:10.565] [Server thread/INFO] [iskallia.vault.VaultMod/]: false
[23Apr2025 00:11:10.566] [Server thread/INFO] [net.minecraft.server.dedicated.DedicatedServer/]: fuki hit the ground too hard
[23Apr2025 00:11:10.596] [Server thread/INFO] [net.minecraft.server.dedicated.DedicatedServer/]: fuki was defeated in a Elixir Vault.
[23Apr2025 00:18:02.403] [Server thread/INFO] [net.minecraft.server.dedicated.DedicatedServer/]: lugalnt survived a Elixir Vault.
[23Apr2025 00:18:56.303] [the_vault:vault_4209b09f-4ce6-422e-a93a-6d5c9a78d57b/INFO] [iskallia.vault.VaultMod/]: false
[23Apr2025 00:18:56.304] [the_vault:vault_4209b09f-4ce6-422e-a93a-6d5c9a78d57b/INFO] [iskallia.vault.VaultMod/]: true
[23Apr2025 00:18:56.304] [the_vault:vault_4209b09f-4ce6-422e-a93a-6d5c9a78d57b/INFO] [iskallia.vault.VaultMod/]: false
[23Apr2025 00:18:56.304] [the_vault:vault_4209b09f-4ce6-422e-a93a-6d5c9a78d57b/INFO] [iskallia.vault.VaultMod/]: false
[23Apr2025 00:18:56.305] [the_vault:vault_4209b09f-4ce6-422e-a93a-6d5c9a78d57b/INFO] [net.minecraft.server.dedicated.DedicatedServer/]: Natanael__Cano was shot by Magmatic Guardian
[23Apr2025 00:18:56.308] [Server thread/INFO] [net.minecraft.server.dedicated.DedicatedServer/]: Natanael__Cano was defeated in a Elixir Vault.
[23Apr2025 00:18:56.347] [Server thread/INFO] [iskallia.vault.VaultMod/]: Deleting level ./world/dimensions/the_vault/vault_4209b09f-4ce6-422e-a93a-6d5c9a78d57b
[23Apr2025 00:19:46.859] [Server thread/INFO] [net.minecraft.server.dedicated.DedicatedServer/]: Natanael__Cano has discovered Dark Spiky Platemail Helmet transmog.
[23Apr2025 00:23:11.449] [Server thread/INFO] [net.minecraft.world.entity.npc.Villager/]: Villager Villager['Unemployed'/19279, l='ServerLevel[world]', x=-592.31, y=108.00, z=302.76] died, message: 'Unemployed was slain by Zombie'
[23Apr2025 00:23:37.659] [Server thread/INFO] [net.minecraft.server.dedicated.DedicatedServer/]: fuki opened a Vault!
[23Apr2025 00:23:39.894] [Server thread/INFO] [net.minecraft.server.dedicated.DedicatedServer/]: Natanael__Cano entered a 1x Beginner's Grace, 1x Beginner's Insurance Elixir Vault!
[23Apr2025 00:23:40.831] [Server thread/INFO] [net.minecraft.server.dedicated.DedicatedServer/]: lugalnt entered a 1x Beginner's Grace, 1x Beginner's Insurance Elixir Vault!
[23Apr2025 00:23:44.065] [Server thread/INFO] [net.minecraft.server.dedicated.DedicatedServer/]: fuki entered a 1x Beginner's Grace, 1x Beginner's Insurance Elixir Vault!
[23Apr2025 00:32:46.104] [Server thread/INFO] [iskallia.vault.VaultMod/]: false
[23Apr2025 00:32:46.105] [Server thread/INFO] [iskallia.vault.VaultMod/]: true
[23Apr2025 00:32:46.105] [Server thread/INFO] [iskallia.vault.VaultMod/]: false
[23Apr2025 00:32:46.106] [Server thread/INFO] [iskallia.vault.VaultMod/]: false
[23Apr2025 00:32:46.106] [Server thread/INFO] [net.minecraft.server.dedicated.DedicatedServer/]: fuki went up in flames
[23Apr2025 00:32:46.109] [Server thread/INFO] [net.minecraft.server.dedicated.DedicatedServer/]: fuki was defeated in a Elixir Vault.
[23Apr2025 00:34:44.723] [Server thread/INFO] [net.minecraft.server.dedicated.DedicatedServer/]: Natanael__Cano has made the advancement [Sticky Situation]
[23Apr2025 00:42:41.540] [Server thread/INFO] [net.minecraft.world.entity.npc.Villager/]: Villager Villager['Nitwit'/23762, l='ServerLevel[world]', x=-604.67, y=149.50, z=299.51] died, message: 'Nitwit hit the ground too hard'
[23Apr2025 00:44:00.304] [Server thread/INFO] [net.minecraft.server.dedicated.DedicatedServer/]: lugalnt survived a Elixir Vault.
[23Apr2025 00:44:07.101] [Server thread/INFO] [net.minecraft.world.entity.npc.Villager/]: Villager Villager['Nitwit'/26344, l='ServerLevel[world]', x=-871.63, y=97.00, z=348.72] died, message: 'Nitwit suffocated in a wall'
[23Apr2025 00:45:08.411] [Server thread/INFO] [net.minecraft.server.dedicated.DedicatedServer/]: Natanael__Cano completed a Elixir Vault!
[23Apr2025 00:45:08.469] [Server thread/INFO] [iskallia.vault.VaultMod/]: Deleting level ./world/dimensions/the_vault/vault_63b66bd7-ef38-467b-a8f3-1624f980be38
[23Apr2025 00:48:23.203] [Server thread/INFO] [net.minecraft.server.dedicated.DedicatedServer/]: Natanael__Cano has discovered Plate Piercer transmog.
[23Apr2025 00:48:47.150] [Server thread/INFO] [net.minecraft.server.dedicated.DedicatedServer/]: Natanael__Cano has discovered Lunar Staff transmog.
[23Apr2025 00:48:55.746] [Server thread/INFO] [net.minecraft.server.dedicated.DedicatedServer/]: Natanael__Cano has discovered Rusty Knight Boots transmog.
[23Apr2025 00:49:04.999] [Server thread/INFO] [net.minecraft.server.dedicated.DedicatedServer/]: fuki opened a Vault!
[23Apr2025 00:49:07.247] [Server thread/INFO] [net.minecraft.server.dedicated.DedicatedServer/]: Natanael__Cano has discovered Mystical Lexicon transmog.
[23Apr2025 00:53:53.655] [Server thread/INFO] [net.minecraft.server.dedicated.DedicatedServer/]: fuki was shot by Skeleton
[23Apr2025 00:54:31.856] [Server thread/INFO] [net.minecraft.server.dedicated.DedicatedServer/]: Natanael__Cano has discovered Druid Chestplate transmog.
[23Apr2025 00:56:07.500] [Server thread/INFO] [net.minecraft.server.dedicated.DedicatedServer/]: fuki was shot by Skeleton
[23Apr2025 00:58:27.194] [Server thread/INFO] [net.minecraft.world.entity.npc.Villager/]: Villager Villager['Armorer'/23854, l='ServerLevel[world]', x=-651.30, y=71.05, z=445.53] died, message: 'Armorer drowned'
[23Apr2025 01:14:09.777] [Server thread/INFO] [net.minecraft.server.dedicated.DedicatedServer/]: lugalnt has made the advancement [Cover Me with Diamonds]
[23Apr2025 01:21:10.232] [Server thread/INFO] [net.minecraft.server.dedicated.DedicatedServer/]: fuki entered a 1x Beginner's Grace, 1x Beginner's Insurance Elixir Vault!
[23Apr2025 01:21:12.606] [Server thread/INFO] [net.minecraft.server.dedicated.DedicatedServer/]: Natanael__Cano entered a 1x Beginner's Grace, 1x Beginner's Insurance Elixir Vault!
[23Apr2025 01:21:13.151] [Server thread/INFO] [net.minecraft.server.dedicated.DedicatedServer/]: lugalnt entered a 1x Beginner's Grace, 1x Beginner's Insurance Elixir Vault!
[23Apr2025 01:26:00.452] [the_vault:vault_7de166ed-c02f-4db0-8c77-dbf6e96de9e2/INFO] [iskallia.vault.VaultMod/]: false
[23Apr2025 01:26:00.452] [the_vault:vault_7de166ed-c02f-4db0-8c77-dbf6e96de9e2/INFO] [iskallia.vault.VaultMod/]: true
[23Apr2025 01:26:00.452] [the_vault:vault_7de166ed-c02f-4db0-8c77-dbf6e96de9e2/INFO] [iskallia.vault.VaultMod/]: false
[23Apr2025 01:26:00.452] [the_vault:vault_7de166ed-c02f-4db0-8c77-dbf6e96de9e2/INFO] [iskallia.vault.VaultMod/]: false
[23Apr2025 01:26:00.453] [the_vault:vault_7de166ed-c02f-4db0-8c77-dbf6e96de9e2/INFO] [net.minecraft.server.dedicated.DedicatedServer/]: fuki was shot by Ghastly Pirate Guardian
[23Apr2025 01:26:00.455] [Server thread/INFO] [net.minecraft.server.dedicated.DedicatedServer/]: fuki was defeated in a Elixir Vault.
[23Apr2025 01:32:52.743] [Server thread/INFO] [net.minecraft.world.entity.npc.Villager/]: Villager Villager['Unemployed'/38280, l='ServerLevel[world]', x=-562.04, y=134.00, z=355.99] died, message: 'Unemployed hit the ground too hard'
[23Apr2025 01:39:57.462] [Server thread/INFO] [net.minecraft.server.dedicated.DedicatedServer/]: Natanael__Cano completed a Elixir Vault!
[23Apr2025 01:41:02.953] [Server thread/INFO] [net.minecraft.server.dedicated.DedicatedServer/]: lugalnt completed a Elixir Vault!
[23Apr2025 01:41:03.007] [Server thread/INFO] [iskallia.vault.VaultMod/]: Deleting level ./world/dimensions/the_vault/vault_7de166ed-c02f-4db0-8c77-dbf6e96de9e2
[23Apr2025 01:41:09.395] [Server thread/INFO] [net.minecraft.server.dedicated.DedicatedServer/]: Natanael__Cano has discovered Archmage Wand transmog.
[23Apr2025 01:41:10.496] [Server thread/INFO] [net.minecraft.server.dedicated.DedicatedServer/]: fuki opened a Vault!
[23Apr2025 01:41:27.595] [Server thread/INFO] [net.minecraft.server.dedicated.DedicatedServer/]: Natanael__Cano has discovered Wizard Leggings transmog.
[23Apr2025 01:41:43.656] [Server thread/INFO] [net.minecraft.server.dedicated.DedicatedServer/]: Natanael__Cano has discovered Rusty Knight Leggings transmog.
[23Apr2025 01:42:03.699] [Server thread/INFO] [net.minecraft.server.dedicated.DedicatedServer/]: Natanael__Cano has discovered Hippopotamus Boots transmog.
[23Apr2025 01:42:44.098] [Server thread/INFO] [net.minecraft.server.dedicated.DedicatedServer/]: fuki has discovered Axe_1 transmog.
[23Apr2025 01:42:44.297] [Server thread/INFO] [net.minecraft.server.dedicated.DedicatedServer/]: lugalnt has discovered Double Blade transmog.
[23Apr2025 01:42:44.899] [Server thread/INFO] [net.minecraft.server.dedicated.DedicatedServer/]: lugalnt has discovered Shadow King Leggings transmog.
[23Apr2025 01:42:45.195] [Server thread/INFO] [net.minecraft.server.dedicated.DedicatedServer/]: fuki has made the advancement [Cover Me with Diamonds]
[23Apr2025 01:42:45.395] [Server thread/INFO] [net.minecraft.server.dedicated.DedicatedServer/]: lugalnt has discovered Rusty Scavenger Chestplate transmog.
[23Apr2025 01:42:46.196] [Server thread/INFO] [net.minecraft.server.dedicated.DedicatedServer/]: lugalnt has discovered Rusty Scavenger Boots transmog.
[23Apr2025 01:50:50.195] [Server thread/INFO] [net.minecraft.server.dedicated.DedicatedServer/]: fuki entered a 1x Beginner's Grace, 1x Beginner's Insurance Elixir Vault!
[23Apr2025 01:50:52.522] [Server thread/INFO] [net.minecraft.server.dedicated.DedicatedServer/]: Natanael__Cano entered a 1x Beginner's Grace, 1x Beginner's Insurance Elixir Vault!
[23Apr2025 01:51:14.598] [Server thread/INFO] [net.minecraft.server.dedicated.DedicatedServer/]: lugalnt entered a 1x Beginner's Grace, 1x Beginner's Insurance Elixir Vault!
[23Apr2025 02:00:00.001] [ftbbackups2_Worker-1/INFO] [net.creeperhost.ftbbackups.FTBBackups/]: Attempting to create an automatic backup
[23Apr2025 02:00:00.001] [ftbbackups2_Worker-1/INFO] [net.creeperhost.ftbbackups.FTBBackups/]: Found world folder at /workspaces/curlyGame/servidor_minecraft/./world/.
[23Apr2025 02:00:00.058] [ftbbackups2_Worker-1/ERROR] [net.creeperhost.ftbbackups.FTBBackups/]: Last backup size: 0B Current world size: 91.0MB Current Available space: 18.2GB ExpectedSize 69.6MB
[23Apr2025 02:00:00.058] [ftbbackups2_Worker-1/INFO] [net.creeperhost.ftbbackups.FTBBackups/]: Setting world minecraft:overworld save state to true
[23Apr2025 02:00:00.058] [ftbbackups2_Worker-1/INFO] [net.creeperhost.ftbbackups.FTBBackups/]: Setting world the_vault:the_other_side save state to true
[23Apr2025 02:00:00.058] [ftbbackups2_Worker-1/INFO] [net.creeperhost.ftbbackups.FTBBackups/]: Setting world minecraft:the_nether save state to true
[23Apr2025 02:00:00.059] [ftbbackups2_Worker-1/INFO] [net.creeperhost.ftbbackups.FTBBackups/]: Setting world minecraft:the_end save state to true
[23Apr2025 02:00:00.059] [ftbbackups2_Worker-1/INFO] [net.creeperhost.ftbbackups.FTBBackups/]: Setting world the_vault:vault save state to true
[23Apr2025 02:00:00.059] [ftbbackups2_Worker-1/INFO] [net.creeperhost.ftbbackups.FTBBackups/]: Setting world the_vault:arena save state to true
[23Apr2025 02:00:00.059] [ftbbackups2_Worker-1/INFO] [net.creeperhost.ftbbackups.FTBBackups/]: Setting world ae2:spatial_storage save state to true
[23Apr2025 02:00:00.059] [ftbbackups2_Worker-1/INFO] [net.creeperhost.ftbbackups.FTBBackups/]: Setting world the_vault:vault_4b6d2798-db11-448f-8ce8-2a0821a18f63 save state to true
[23Apr2025 02:00:00.059] [ftbbackups2_Worker-1/INFO] [net.creeperhost.ftbbackups.FTBBackups/]: Writing to file /workspaces/curlyGame/servidor_minecraft/backups/backups.json
[23Apr2025 02:00:00.059] [FTB Backups backup thread 0/INFO] [net.creeperhost.ftbbackups.FTBBackups/]: Waiting for world save to complete.
[23Apr2025 02:00:00.473] [Server thread/INFO] [net.minecraft.server.MinecraftServer/]: ThreadedAnvilChunkStorage (world): All chunks are saved
[23Apr2025 02:00:00.473] [Server thread/INFO] [net.minecraft.server.MinecraftServer/]: ThreadedAnvilChunkStorage (the_other_side): All chunks are saved
[23Apr2025 02:00:00.473] [Server thread/INFO] [net.minecraft.server.MinecraftServer/]: ThreadedAnvilChunkStorage (DIM-1): All chunks are saved
[23Apr2025 02:00:00.473] [Server thread/INFO] [net.minecraft.server.MinecraftServer/]: ThreadedAnvilChunkStorage (DIM1): All chunks are saved
[23Apr2025 02:00:00.473] [Server thread/INFO] [net.minecraft.server.MinecraftServer/]: ThreadedAnvilChunkStorage (vault): All chunks are saved
[23Apr2025 02:00:00.473] [Server thread/INFO] [net.minecraft.server.MinecraftServer/]: ThreadedAnvilChunkStorage (arena): All chunks are saved
[23Apr2025 02:00:00.473] [Server thread/INFO] [net.minecraft.server.MinecraftServer/]: ThreadedAnvilChunkStorage (spatial_storage): All chunks are saved
[23Apr2025 02:00:00.474] [Server thread/INFO] [net.minecraft.server.MinecraftServer/]: ThreadedAnvilChunkStorage (vault_4b6d2798-db11-448f-8ce8-2a0821a18f63): All chunks are saved
[23Apr2025 02:00:00.474] [Server thread/INFO] [net.minecraft.server.MinecraftServer/]: ThreadedAnvilChunkStorage: All dimensions are saved
[23Apr2025 02:00:00.605] [FTB Backups backup thread 0/INFO] [net.creeperhost.ftbbackups.de.piegames.blockmap.renderer.RegionRenderer/]: Rendering region file -2 0
[23Apr2025 02:00:06.495] [FTB Backups backup thread 0/INFO] [net.creeperhost.ftbbackups.FTBBackups/]: Setting world minecraft:overworld save state to false
[23Apr2025 02:00:06.495] [FTB Backups backup thread 0/INFO] [net.creeperhost.ftbbackups.FTBBackups/]: Setting world the_vault:the_other_side save state to false
[23Apr2025 02:00:06.495] [FTB Backups backup thread 0/INFO] [net.creeperhost.ftbbackups.FTBBackups/]: Setting world minecraft:the_nether save state to false
[23Apr2025 02:00:06.495] [FTB Backups backup thread 0/INFO] [net.creeperhost.ftbbackups.FTBBackups/]: Setting world minecraft:the_end save state to false
[23Apr2025 02:00:06.496] [FTB Backups backup thread 0/INFO] [net.creeperhost.ftbbackups.FTBBackups/]: Setting world the_vault:vault save state to false
[23Apr2025 02:00:06.496] [FTB Backups backup thread 0/INFO] [net.creeperhost.ftbbackups.FTBBackups/]: Setting world the_vault:arena save state to false
[23Apr2025 02:00:06.496] [FTB Backups backup thread 0/INFO] [net.creeperhost.ftbbackups.FTBBackups/]: Setting world ae2:spatial_storage save state to false
[23Apr2025 02:00:06.496] [FTB Backups backup thread 0/INFO] [net.creeperhost.ftbbackups.FTBBackups/]: Setting world the_vault:vault_4b6d2798-db11-448f-8ce8-2a0821a18f63 save state to false
[23Apr2025 02:00:06.560] [FTB Backups backup thread 0/INFO] [net.creeperhost.ftbbackups.FTBBackups/]: Backup size 63.8MB World Size 91.0MB
[23Apr2025 02:00:06.560] [FTB Backups backup thread 0/INFO] [net.creeperhost.ftbbackups.FTBBackups/]: Writing to file /workspaces/curlyGame/servidor_minecraft/backups/backups.json
[23Apr2025 02:00:06.561] [FTB Backups backup thread 0/INFO] [net.creeperhost.ftbbackups.FTBBackups/]: New backup created at /workspaces/curlyGame/servidor_minecraft/backups/2025-4-23_2-0-0.zip size: 63.8MB Took: 0m, 6s, 437ms Sha1: b524b155e74247ea151202293a998a21803e86c8
